<?xml version="1.0" encoding="UTF-8"?>
<!-- Generated by org.testng.reporters.JUnitReportReporter -->
<testsuite hostname="DESKTOP-9N5U2GV" name="com.srikanth.mavenDemo.Maventest" tests="1" failures="0" timestamp="18 Aug 2021 11:27:51 GMT" time="12.827" errors="0">
  <testcase name="openBro" time="12.827" classname="com.srikanth.mavenDemo.Maventest"/>
</testsuite> <!-- com.srikanth.mavenDemo.Maventest -->
